/Users/revcole/Library/Python/3.9/lib/python/site-packages/urllib3/__init__.py:35: NotOpenSSLWarning: urllib3 v2 only supports OpenSSL 1.1.1+, currently the 'ssl' module is compiled with 'LibreSSL 2.8.3'. See: https://github.com/urllib3/urllib3/issues/3020
  warnings.warn(
🚀 Telegram Apex Command Center Running...
Traceback (most recent call last):
  File "/Users/revcole/Library/Python/3.9/lib/python/site-packages/urllib3/connection.py", line 204, in _new_conn
    sock = connection.create_connection(
  File "/Users/revcole/Library/Python/3.9/lib/python/site-packages/urllib3/util/connection.py", line 85, in create_connection
    raise err
  File "/Users/revcole/Library/Python/3.9/lib/python/site-packages/urllib3/util/connection.py", line 73, in create_connection
    sock.connect(sa)
TimeoutError: [Errno 60] Operation timed out

The above exception was the direct cause of the following exception:

Traceback (most recent call last):
  File "/Users/revcole/Library/Python/3.9/lib/python/site-packages/urllib3/connectionpool.py", line 787, in urlopen
    response = self._make_request(
  File "/Users/revcole/Library/Python/3.9/lib/python/site-packages/urllib3/connectionpool.py", line 488, in _make_request
    raise new_e
  File "/Users/revcole/Library/Python/3.9/lib/python/site-packages/urllib3/connectionpool.py", line 464, in _make_request
    self._validate_conn(conn)
  File "/Users/revcole/Library/Python/3.9/lib/python/site-packages/urllib3/connectionpool.py", line 1093, in _validate_conn
    conn.connect()
  File "/Users/revcole/Library/Python/3.9/lib/python/site-packages/urllib3/connection.py", line 759, in connect
    self.sock = sock = self._new_conn()
  File "/Users/revcole/Library/Python/3.9/lib/python/site-packages/urllib3/connection.py", line 219, in _new_conn
    raise NewConnectionError(
urllib3.exceptions.NewConnectionError: HTTPSConnection(host='api.telegram.org', port=443): Failed to establish a new connection: [Errno 60] Operation timed out

The above exception was the direct cause of the following exception:

Traceback (most recent call last):
  File "/Users/revcole/Library/Python/3.9/lib/python/site-packages/requests/adapters.py", line 644, in send
    resp = conn.urlopen(
  File "/Users/revcole/Library/Python/3.9/lib/python/site-packages/urllib3/connectionpool.py", line 841, in urlopen
    retries = retries.increment(
  File "/Users/revcole/Library/Python/3.9/lib/python/site-packages/urllib3/util/retry.py", line 535, in increment
    raise MaxRetryError(_pool, url, reason) from reason  # type: ignore[arg-type]
urllib3.exceptions.MaxRetryError: HTTPSConnectionPool(host='api.telegram.org', port=443): Max retries exceeded with url: /bot8140483743:AAHmKF0bSFf7y3Aa8uIEgY5p-8607B-WBqQ/getUpdates?offset=269399680 (Caused by NewConnectionError("HTTPSConnection(host='api.telegram.org', port=443): Failed to establish a new connection: [Errno 60] Operation timed out"))

During handling of the above exception, another exception occurred:

Traceback (most recent call last):
  File "/Users/revcole/apex-agent/apex-swarm-v2/telegram_command_center.py", line 100, in <module>
    updates = get_updates()
  File "/Users/revcole/apex-agent/apex-swarm-v2/telegram_command_center.py", line 27, in get_updates
    response = requests.get(url)
  File "/Users/revcole/Library/Python/3.9/lib/python/site-packages/requests/api.py", line 73, in get
    return request("get", url, params=params, **kwargs)
  File "/Users/revcole/Library/Python/3.9/lib/python/site-packages/requests/api.py", line 59, in request
    return session.request(method=method, url=url, **kwargs)
  File "/Users/revcole/Library/Python/3.9/lib/python/site-packages/requests/sessions.py", line 589, in request
    resp = self.send(prep, **send_kwargs)
  File "/Users/revcole/Library/Python/3.9/lib/python/site-packages/requests/sessions.py", line 703, in send
    r = adapter.send(request, **kwargs)
  File "/Users/revcole/Library/Python/3.9/lib/python/site-packages/requests/adapters.py", line 677, in send
    raise ConnectionError(e, request=request)
requests.exceptions.ConnectionError: HTTPSConnectionPool(host='api.telegram.org', port=443): Max retries exceeded with url: /bot8140483743:AAHmKF0bSFf7y3Aa8uIEgY5p-8607B-WBqQ/getUpdates?offset=269399680 (Caused by NewConnectionError("HTTPSConnection(host='api.telegram.org', port=443): Failed to establish a new connection: [Errno 60] Operation timed out"))
